npm verbose cli /home/trinity-bowling/.nvm/versions/node/v24.11.0/bin/node /home/trinity-bowling/.nvm/versions/node/v24.11.0/bin/npm
npm info using npm@11.6.1
npm info using node@v24.11.0
npm verbose title npm install
npm verbose argv "install" "--legacy-peer-deps" "--loglevel" "verbose"
npm verbose logfile logs-max:10 dir:/home/trinity-bowling/.npm/_logs/2025-11-10T21_11_19_454Z-
npm verbose logfile /home/trinity-bowling/.npm/_logs/2025-11-10T21_11_19_454Z-debug-0.log
npm http cache https://registry.npmjs.org/cypress 14ms (cache hit)
npm http cache https://registry.npmjs.org/tmp 6ms (cache hit)
npm http cache https://registry.npmjs.org/arch 8ms (cache hit)
npm http cache https://registry.npmjs.org/chalk 7ms (cache hit)
npm http cache https://registry.npmjs.org/dayjs 7ms (cache hit)
npm http cache https://registry.npmjs.org/debug 8ms (cache hit)
npm http cache https://registry.npmjs.org/execa 9ms (cache hit)
npm http cache https://registry.npmjs.org/hasha 5ms (cache hit)
npm http cache https://registry.npmjs.org/yauzl 4ms (cache hit)
npm http cache https://registry.npmjs.org/buffer 7ms (cache hit)
npm http cache https://registry.npmjs.org/listr2 12ms (cache hit)
npm http cache https://registry.npmjs.org/lodash 16ms (cache hit)
npm http cache https://registry.npmjs.org/ospath 10ms (cache hit)
npm http cache https://registry.npmjs.org/semver 9ms (cache hit)
npm http cache https://registry.npmjs.org/ci-info 8ms (cache hit)
npm http cache https://registry.npmjs.org/figures 10ms (cache hit)
npm http cache https://registry.npmjs.org/process 8ms (cache hit)
npm http cache https://registry.npmjs.org/bluebird 9ms (cache hit)
npm http cache https://registry.npmjs.org/cachedir 8ms (cache hit)
npm http cache https://registry.npmjs.org/enquirer 8ms (cache hit)
npm http cache https://registry.npmjs.org/fs-extra 18ms (cache hit)
npm http cache https://registry.npmjs.org/minimist 4ms (cache hit)
npm http cache https://registry.npmjs.org/blob-util 2ms (cache hit)
npm http cache https://registry.npmjs.org/commander 4ms (cache hit)
npm http cache https://registry.npmjs.org/tree-kill 5ms (cache hit)
npm http cache https://registry.npmjs.org/untildify 8ms (cache hit)
npm http cache https://registry.npmjs.org/@types%2ftmp 9ms (cache hit)
npm http cache https://registry.npmjs.org/cli-cursor 8ms (cache hit)
npm http cache https://registry.npmjs.org/cli-table3 9ms (cache hit)
npm http cache https://registry.npmjs.org/executable 9ms (cache hit)
npm http cache https://registry.npmjs.org/common-tags 9ms (cache hit)
npm http cache https://registry.npmjs.org/extract-zip 7ms (cache hit)
npm http cache https://registry.npmjs.org/log-symbols 7ms (cache hit)
npm http cache https://registry.npmjs.org/pretty-bytes 9ms (cache hit)
npm http cache https://registry.npmjs.org/@cypress%2fxvfb 9ms (cache hit)
npm http cache https://registry.npmjs.org/@types%2fsizzle 8ms (cache hit)
npm http cache https://registry.npmjs.org/eventemitter2 6ms (cache hit)
npm http cache https://registry.npmjs.org/proxy-from-env 6ms (cache hit)
npm http cache https://registry.npmjs.org/supports-color 7ms (cache hit)
npm http cache https://registry.npmjs.org/@cypress%2frequest 9ms (cache hit)
npm http cache https://registry.npmjs.org/request-progress 6ms (cache hit)
npm http cache https://registry.npmjs.org/systeminformation 14ms (cache hit)
npm http cache https://registry.npmjs.org/is-installed-globally 6ms (cache hit)
npm http cache https://registry.npmjs.org/@types%2fsinonjs__fake-timers 6ms (cache hit)
npm http cache https://registry.npmjs.org/aws-sign2 11ms (cache hit)
npm http cache https://registry.npmjs.org/aws4 6ms (cache hit)
npm http cache https://registry.npmjs.org/caseless 6ms (cache hit)
npm http cache https://registry.npmjs.org/combined-stream 6ms (cache hit)
npm http cache https://registry.npmjs.org/extend 6ms (cache hit)
npm http cache https://registry.npmjs.org/forever-agent 5ms (cache hit)
npm http cache https://registry.npmjs.org/form-data 5ms (cache hit)
npm http cache https://registry.npmjs.org/http-signature 5ms (cache hit)
npm http cache https://registry.npmjs.org/is-typedarray 4ms (cache hit)
npm http cache https://registry.npmjs.org/isstream 6ms (cache hit)
npm http cache https://registry.npmjs.org/json-stringify-safe 4ms (cache hit)
npm http cache https://registry.npmjs.org/mime-types 5ms (cache hit)
npm http cache https://registry.npmjs.org/performance-now 5ms (cache hit)
npm http cache https://registry.npmjs.org/qs 4ms (cache hit)
npm http cache https://registry.npmjs.org/safe-buffer 3ms (cache hit)
npm http cache https://registry.npmjs.org/tough-cookie 4ms (cache hit)
npm http cache https://registry.npmjs.org/tunnel-agent 3ms (cache hit)
npm http cache https://registry.npmjs.org/uuid 3ms (cache hit)
npm http cache https://registry.npmjs.org/lodash.once 4ms (cache hit)
npm http cache https://registry.npmjs.org/base64-js 5ms (cache hit)
npm http cache https://registry.npmjs.org/ieee754 3ms (cache hit)
npm http cache https://registry.npmjs.org/ansi-styles 8ms (cache hit)
npm http cache https://registry.npmjs.org/restore-cursor 5ms (cache hit)
npm http cache https://registry.npmjs.org/string-width 8ms (cache hit)
npm http cache https://registry.npmjs.org/colors 6ms (cache hit)
npm http cache https://registry.npmjs.org/ms 4ms (cache hit)
npm http cache https://registry.npmjs.org/ansi-colors 4ms (cache hit)
npm http cache https://registry.npmjs.org/strip-ansi 4ms (cache hit)
npm http cache https://registry.npmjs.org/onetime 5ms (cache hit)
npm http cache https://registry.npmjs.org/is-stream 4ms (cache hit)
npm http cache https://registry.npmjs.org/get-stream 6ms (cache hit)
npm http cache https://registry.npmjs.org/cross-spawn 4ms (cache hit)
npm http cache https://registry.npmjs.org/signal-exit 3ms (cache hit)
npm http cache https://registry.npmjs.org/merge-stream 3ms (cache hit)
npm http cache https://registry.npmjs.org/npm-run-path 4ms (cache hit)
npm http cache https://registry.npmjs.org/human-signals 4ms (cache hit)
npm http cache https://registry.npmjs.org/strip-final-newline 4ms (cache hit)
npm http cache https://registry.npmjs.org/pify 4ms (cache hit)
npm http cache https://registry.npmjs.org/@types%2fyauzl 3ms (cache hit)
npm http cache https://registry.npmjs.org/escape-string-regexp 3ms (cache hit)
npm http cache https://registry.npmjs.org/jsonfile 3ms (cache hit)
npm http cache https://registry.npmjs.org/graceful-fs 4ms (cache hit)
npm http cache https://registry.npmjs.org/universalify 5ms (cache hit)
npm http cache https://registry.npmjs.org/at-least-node 4ms (cache hit)
npm http cache https://registry.npmjs.org/type-fest 6ms (cache hit)
npm http cache https://registry.npmjs.org/global-dirs 34ms (cache hit)
npm http cache https://registry.npmjs.org/is-path-inside 4ms (cache hit)
npm http cache https://registry.npmjs.org/rfdc 4ms (cache hit)
npm http cache https://registry.npmjs.org/rxjs 7ms (cache hit)
npm http cache https://registry.npmjs.org/p-map 5ms (cache hit)
npm http cache https://registry.npmjs.org/through 4ms (cache hit)
npm http cache https://registry.npmjs.org/colorette 5ms (cache hit)
npm http cache https://registry.npmjs.org/wrap-ansi 6ms (cache hit)
npm http cache https://registry.npmjs.org/log-update 8ms (cache hit)
npm http cache https://registry.npmjs.org/cli-truncate 6ms (cache hit)
npm http cache https://registry.npmjs.org/is-unicode-supported 6ms (cache hit)
npm http cache https://registry.npmjs.org/throttleit 5ms (cache hit)
npm http cache https://registry.npmjs.org/has-flag 6ms (cache hit)
npm http cache https://registry.npmjs.org/fd-slicer 7ms (cache hit)
npm http cache https://registry.npmjs.org/buffer-crc32 5ms (cache hit)
npm http cache https://registry.npmjs.org/delayed-stream 5ms (cache hit)
npm http cache https://registry.npmjs.org/hasown 8ms (cache hit)
npm http cache https://registry.npmjs.org/asynckit 6ms (cache hit)
npm http cache https://registry.npmjs.org/es-set-tostringtag 7ms (cache hit)
npm http cache https://registry.npmjs.org/sshpk 7ms (cache hit)
npm http cache https://registry.npmjs.org/jsprim 6ms (cache hit)
npm http cache https://registry.npmjs.org/assert-plus 6ms (cache hit)
npm http cache https://registry.npmjs.org/mime-db 6ms (cache hit)
npm http cache https://registry.npmjs.org/side-channel 6ms (cache hit)
npm http cache https://registry.npmjs.org/tldts 14ms (cache hit)
npm http cache https://registry.npmjs.org/color-convert 5ms (cache hit)
npm http cache https://registry.npmjs.org/color-name 5ms (cache hit)
npm http cache https://registry.npmjs.org/emoji-regex 6ms (cache hit)
npm http cache https://registry.npmjs.org/is-fullwidth-code-point 5ms (cache hit)
npm http cache https://registry.npmjs.org/ansi-regex 8ms (cache hit)
npm http cache https://registry.npmjs.org/which 4ms (cache hit)
npm http cache https://registry.npmjs.org/path-key 3ms (cache hit)
npm http cache https://registry.npmjs.org/shebang-command 4ms (cache hit)
npm http cache https://registry.npmjs.org/pump 4ms (cache hit)
npm http cache https://registry.npmjs.org/mimic-fn 3ms (cache hit)
npm http cache https://registry.npmjs.org/shebang-regex 4ms (cache hit)
npm http cache https://registry.npmjs.org/isexe 4ms (cache hit)
npm http cache https://registry.npmjs.org/@types%2fnode 27ms (cache hit)
npm http cache https://registry.npmjs.org/undici-types 13ms (cache hit)
npm http cache https://registry.npmjs.org/es-errors 6ms (cache hit)
npm http cache https://registry.npmjs.org/get-intrinsic 6ms (cache hit)
npm http cache https://registry.npmjs.org/has-tostringtag 6ms (cache hit)
npm http cache https://registry.npmjs.org/function-bind 5ms (cache hit)
npm http cache https://registry.npmjs.org/gopd 4ms (cache hit)
npm http cache https://registry.npmjs.org/get-proto 9ms (cache hit)
npm http cache https://registry.npmjs.org/has-symbols 5ms (cache hit)
npm http cache https://registry.npmjs.org/es-object-atoms 5ms (cache hit)
npm http cache https://registry.npmjs.org/math-intrinsics 5ms (cache hit)
npm http cache https://registry.npmjs.org/es-define-property 7ms (cache hit)
npm http cache https://registry.npmjs.org/call-bind-apply-helpers 6ms (cache hit)
npm http cache https://registry.npmjs.org/dunder-proto 5ms (cache hit)
npm http cache https://registry.npmjs.org/end-of-stream 5ms (cache hit)
npm http cache https://registry.npmjs.org/once 6ms (cache hit)
npm http cache https://registry.npmjs.org/verror 7ms (cache hit)
npm http cache https://registry.npmjs.org/extsprintf 7ms (cache hit)
npm http cache https://registry.npmjs.org/json-schema 6ms (cache hit)
npm http cache https://registry.npmjs.org/asn1 6ms (cache hit)
npm http cache https://registry.npmjs.org/jsbn 4ms (cache hit)
npm http cache https://registry.npmjs.org/getpass 5ms (cache hit)
npm http cache https://registry.npmjs.org/dashdash 5ms (cache hit)
npm http cache https://registry.npmjs.org/ecc-jsbn 5ms (cache hit)
npm http cache https://registry.npmjs.org/tweetnacl 4ms (cache hit)
npm http cache https://registry.npmjs.org/bcrypt-pbkdf 5ms (cache hit)
npm http cache https://registry.npmjs.org/safer-buffer 6ms (cache hit)
npm http cache https://registry.npmjs.org/ini 6ms (cache hit)
npm http cache https://registry.npmjs.org/core-util-is 5ms (cache hit)
npm http cache https://registry.npmjs.org/slice-ansi 5ms (cache hit)
npm http cache https://registry.npmjs.org/ansi-escapes 5ms (cache hit)
npm http cache https://registry.npmjs.org/aggregate-error 5ms (cache hit)
npm http cache https://registry.npmjs.org/tslib 5ms (cache hit)
npm http cache https://registry.npmjs.org/astral-regex 6ms (cache hit)
npm http cache https://registry.npmjs.org/clean-stack 8ms (cache hit)
npm http cache https://registry.npmjs.org/indent-string 8ms (cache hit)
npm http cache https://registry.npmjs.org/wrappy 7ms (cache hit)
npm http cache https://registry.npmjs.org/object-inspect 6ms (cache hit)
npm http cache https://registry.npmjs.org/side-channel-list 17ms (cache hit)
npm http cache https://registry.npmjs.org/side-channel-map 6ms (cache hit)
npm http cache https://registry.npmjs.org/side-channel-weakmap 6ms (cache hit)
npm http cache https://registry.npmjs.org/call-bound 6ms (cache hit)
npm http cache https://registry.npmjs.org/tldts-core 11ms (cache hit)
npm http cache https://registry.npmjs.org/pend 8ms (cache hit)
npm http cache pend@https://registry.npmjs.org/pend/-/pend-1.2.0.tgz 0ms (cache hit)
npm http cache fd-slicer@https://registry.npmjs.org/fd-slicer/-/fd-slicer-1.1.0.tgz 0ms (cache hit)
npm http cache buffer-crc32@https://registry.npmjs.org/buffer-crc32/-/buffer-crc32-0.2.13.tgz 0ms (cache hit)
npm http cache isexe@https://registry.npmjs.org/isexe/-/isexe-2.0.0.tgz 0ms (cache hit)
npm http cache core-util-is@https://registry.npmjs.org/core-util-is/-/core-util-is-1.0.2.tgz 0ms (cache hit)
npm http cache tldts-core@https://registry.npmjs.org/tldts-core/-/tldts-core-6.1.86.tgz 0ms (cache hit)
npm http cache tldts@https://registry.npmjs.org/tldts/-/tldts-6.1.86.tgz 0ms (cache hit)
npm http cache has-flag@https://registry.npmjs.org/has-flag/-/has-flag-4.0.0.tgz 0ms (cache hit)
npm http cache ansi-regex@https://registry.npmjs.org/ansi-regex/-/ansi-regex-5.0.1.tgz 0ms (cache hit)
npm http cache emoji-regex@https://registry.npmjs.org/emoji-regex/-/emoji-regex-8.0.0.tgz 0ms (cache hit)
npm http cache tweetnacl@https://registry.npmjs.org/tweetnacl/-/tweetnacl-0.14.5.tgz 0ms (cache hit)
npm http cache safer-buffer@https://registry.npmjs.org/safer-buffer/-/safer-buffer-2.1.2.tgz 0ms (cache hit)
npm http cache jsbn@https://registry.npmjs.org/jsbn/-/jsbn-0.1.1.tgz 0ms (cache hit)
npm http cache getpass@https://registry.npmjs.org/getpass/-/getpass-0.1.7.tgz 0ms (cache hit)
npm http cache ecc-jsbn@https://registry.npmjs.org/ecc-jsbn/-/ecc-jsbn-0.1.2.tgz 0ms (cache hit)
npm http cache dashdash@https://registry.npmjs.org/dashdash/-/dashdash-1.14.1.tgz 0ms (cache hit)
npm http cache asn1@https://registry.npmjs.org/asn1/-/asn1-0.2.6.tgz 0ms (cache hit)
npm http cache is-fullwidth-code-point@https://registry.npmjs.org/is-fullwidth-code-point/-/is-fullwidth-code-point-3.0.0.tgz 0ms (cache hit)
npm http cache astral-regex@https://registry.npmjs.org/astral-regex/-/astral-regex-2.0.0.tgz 0ms (cache hit)
npm http cache call-bound@https://registry.npmjs.org/call-bound/-/call-bound-1.0.4.tgz 0ms (cache hit)
npm http cache side-channel-weakmap@https://registry.npmjs.org/side-channel-weakmap/-/side-channel-weakmap-1.0.2.tgz 0ms (cache hit)
npm http cache side-channel-map@https://registry.npmjs.org/side-channel-map/-/side-channel-map-1.0.1.tgz 0ms (cache hit)
npm http cache bcrypt-pbkdf@https://registry.npmjs.org/bcrypt-pbkdf/-/bcrypt-pbkdf-1.0.2.tgz 0ms (cache hit)
npm http cache side-channel-list@https://registry.npmjs.org/side-channel-list/-/side-channel-list-1.0.0.tgz 0ms (cache hit)
npm http cache object-inspect@https://registry.npmjs.org/object-inspect/-/object-inspect-1.13.4.tgz 0ms (cache hit)
npm http cache shebang-regex@https://registry.npmjs.org/shebang-regex/-/shebang-regex-3.0.0.tgz 0ms (cache hit)
npm http cache tslib@https://registry.npmjs.org/tslib/-/tslib-2.8.1.tgz 0ms (cache hit)
npm http cache throttleit@https://registry.npmjs.org/throttleit/-/throttleit-1.0.1.tgz 0ms (cache hit)
npm http cache side-channel@https://registry.npmjs.org/side-channel/-/side-channel-1.1.0.tgz 0ms (cache hit)
npm http cache wrappy@https://registry.npmjs.org/wrappy/-/wrappy-1.0.2.tgz 0ms (cache hit)
npm http cache once@https://registry.npmjs.org/once/-/once-1.4.0.tgz 0ms (cache hit)
npm http cache end-of-stream@https://registry.npmjs.org/end-of-stream/-/end-of-stream-1.4.5.tgz 0ms (cache hit)
npm http cache indent-string@https://registry.npmjs.org/indent-string/-/indent-string-4.0.0.tgz 0ms (cache hit)
npm http cache clean-stack@https://registry.npmjs.org/clean-stack/-/clean-stack-2.2.0.tgz 0ms (cache hit)
npm http cache mimic-fn@https://registry.npmjs.org/mimic-fn/-/mimic-fn-2.1.0.tgz 0ms (cache hit)
npm http cache aggregate-error@https://registry.npmjs.org/aggregate-error/-/aggregate-error-3.1.0.tgz 0ms (cache hit)
npm http cache ansi-escapes@https://registry.npmjs.org/ansi-escapes/-/ansi-escapes-4.3.2.tgz 0ms (cache hit)
npm http cache is-unicode-supported@https://registry.npmjs.org/is-unicode-supported/-/is-unicode-supported-0.1.0.tgz 0ms (cache hit)
npm http cache mime-db@https://registry.npmjs.org/mime-db/-/mime-db-1.52.0.tgz 0ms (cache hit)
npm http cache wrap-ansi@https://registry.npmjs.org/wrap-ansi/-/wrap-ansi-7.0.0.tgz 0ms (cache hit)
npm http cache slice-ansi@https://registry.npmjs.org/slice-ansi/-/slice-ansi-3.0.0.tgz 0ms (cache hit)
npm http cache through@https://registry.npmjs.org/through/-/through-2.3.8.tgz 0ms (cache hit)
npm http cache rfdc@https://registry.npmjs.org/rfdc/-/rfdc-1.4.1.tgz 0ms (cache hit)
npm http cache rxjs@https://registry.npmjs.org/rxjs/-/rxjs-7.8.2.tgz 0ms (cache hit)
npm http cache p-map@https://registry.npmjs.org/p-map/-/p-map-4.0.0.tgz 0ms (cache hit)
npm http cache log-update@https://registry.npmjs.org/log-update/-/log-update-4.0.0.tgz 0ms (cache hit)
npm http cache cli-truncate@https://registry.npmjs.org/cli-truncate/-/cli-truncate-2.1.0.tgz 0ms (cache hit)
npm http cache verror@https://registry.npmjs.org/verror/-/verror-1.10.0.tgz 0ms (cache hit)
npm http cache colorette@https://registry.npmjs.org/colorette/-/colorette-2.0.20.tgz 0ms (cache hit)
npm http cache json-schema@https://registry.npmjs.org/json-schema/-/json-schema-0.4.0.tgz 0ms (cache hit)
npm http cache extsprintf@https://registry.npmjs.org/extsprintf/-/extsprintf-1.3.0.tgz 0ms (cache hit)
npm http cache ini@https://registry.npmjs.org/ini/-/ini-2.0.0.tgz 0ms (cache hit)
npm http cache is-path-inside@https://registry.npmjs.org/is-path-inside/-/is-path-inside-3.0.3.tgz 0ms (cache hit)
npm http cache global-dirs@https://registry.npmjs.org/global-dirs/-/global-dirs-3.0.1.tgz 0ms (cache hit)
npm http cache sshpk@https://registry.npmjs.org/sshpk/-/sshpk-1.18.0.tgz 0ms (cache hit)
npm http cache jsprim@https://registry.npmjs.org/jsprim/-/jsprim-2.0.2.tgz 0ms (cache hit)
npm http cache type-fest@https://registry.npmjs.org/type-fest/-/type-fest-0.8.1.tgz 0ms (cache hit)
npm http cache pump@https://registry.npmjs.org/pump/-/pump-3.0.3.tgz 0ms (cache hit)
npm http cache dunder-proto@https://registry.npmjs.org/dunder-proto/-/dunder-proto-1.0.1.tgz 0ms (cache hit)
npm http cache math-intrinsics@https://registry.npmjs.org/math-intrinsics/-/math-intrinsics-1.1.0.tgz 0ms (cache hit)
npm http cache has-symbols@https://registry.npmjs.org/has-symbols/-/has-symbols-1.1.0.tgz 0ms (cache hit)
npm http cache gopd@https://registry.npmjs.org/gopd/-/gopd-1.2.0.tgz 0ms (cache hit)
npm http cache get-proto@https://registry.npmjs.org/get-proto/-/get-proto-1.0.1.tgz 0ms (cache hit)
npm http cache function-bind@https://registry.npmjs.org/function-bind/-/function-bind-1.1.2.tgz 0ms (cache hit)
npm http cache es-object-atoms@https://registry.npmjs.org/es-object-atoms/-/es-object-atoms-1.1.1.tgz 0ms (cache hit)
npm http cache es-define-property@https://registry.npmjs.org/es-define-property/-/es-define-property-1.0.1.tgz 0ms (cache hit)
npm http cache call-bind-apply-helpers@https://registry.npmjs.org/call-bind-apply-helpers/-/call-bind-apply-helpers-1.0.2.tgz 0ms (cache hit)
npm http cache universalify@https://registry.npmjs.org/universalify/-/universalify-2.0.1.tgz 0ms (cache hit)
npm http cache assert-plus@https://registry.npmjs.org/assert-plus/-/assert-plus-1.0.0.tgz 0ms (cache hit)
npm http cache jsonfile@https://registry.npmjs.org/jsonfile/-/jsonfile-6.2.0.tgz 0ms (cache hit)
npm http cache graceful-fs@https://registry.npmjs.org/graceful-fs/-/graceful-fs-4.2.11.tgz 0ms (cache hit)
npm http cache at-least-node@https://registry.npmjs.org/at-least-node/-/at-least-node-1.0.0.tgz 0ms (cache hit)
npm http cache has-tostringtag@https://registry.npmjs.org/has-tostringtag/-/has-tostringtag-1.0.2.tgz 0ms (cache hit)
npm http cache get-intrinsic@https://registry.npmjs.org/get-intrinsic/-/get-intrinsic-1.3.0.tgz 0ms (cache hit)
npm http cache es-errors@https://registry.npmjs.org/es-errors/-/es-errors-1.3.0.tgz 0ms (cache hit)
npm http cache hasown@https://registry.npmjs.org/hasown/-/hasown-2.0.2.tgz 0ms (cache hit)
npm http cache es-set-tostringtag@https://registry.npmjs.org/es-set-tostringtag/-/es-set-tostringtag-2.1.0.tgz 0ms (cache hit)
npm http cache asynckit@https://registry.npmjs.org/asynckit/-/asynckit-0.4.0.tgz 0ms (cache hit)
npm http cache escape-string-regexp@https://registry.npmjs.org/escape-string-regexp/-/escape-string-regexp-1.0.5.tgz 0ms (cache hit)
npm http cache undici-types@https://registry.npmjs.org/undici-types/-/undici-types-7.16.0.tgz 0ms (cache hit)
npm http cache @types/node@https://registry.npmjs.org/@types/node/-/node-24.10.0.tgz 0ms (cache hit)
npm http cache pify@https://registry.npmjs.org/pify/-/pify-2.3.0.tgz 0ms (cache hit)
npm http cache which@https://registry.npmjs.org/which/-/which-2.0.2.tgz 0ms (cache hit)
npm http cache shebang-command@https://registry.npmjs.org/shebang-command/-/shebang-command-2.0.0.tgz 0ms (cache hit)
npm http cache path-key@https://registry.npmjs.org/path-key/-/path-key-3.1.1.tgz 0ms (cache hit)
npm http cache @types/yauzl@https://registry.npmjs.org/@types/yauzl/-/yauzl-2.10.3.tgz 0ms (cache hit)
npm http cache strip-final-newline@https://registry.npmjs.org/strip-final-newline/-/strip-final-newline-2.0.0.tgz 0ms (cache hit)
npm http cache onetime@https://registry.npmjs.org/onetime/-/onetime-5.1.2.tgz 0ms (cache hit)
npm http cache npm-run-path@https://registry.npmjs.org/npm-run-path/-/npm-run-path-4.0.1.tgz 0ms (cache hit)
npm http cache merge-stream@https://registry.npmjs.org/merge-stream/-/merge-stream-2.0.0.tgz 0ms (cache hit)
npm http cache signal-exit@https://registry.npmjs.org/signal-exit/-/signal-exit-3.0.7.tgz 0ms (cache hit)
npm http cache is-stream@https://registry.npmjs.org/is-stream/-/is-stream-2.0.1.tgz 0ms (cache hit)
npm http cache human-signals@https://registry.npmjs.org/human-signals/-/human-signals-1.1.1.tgz 0ms (cache hit)
npm http cache get-stream@https://registry.npmjs.org/get-stream/-/get-stream-5.2.0.tgz 0ms (cache hit)
npm http cache cross-spawn@https://registry.npmjs.org/cross-spawn/-/cross-spawn-7.0.6.tgz 0ms (cache hit)
npm http cache strip-ansi@https://registry.npmjs.org/strip-ansi/-/strip-ansi-6.0.1.tgz 0ms (cache hit)
npm http cache ansi-colors@https://registry.npmjs.org/ansi-colors/-/ansi-colors-4.1.3.tgz 0ms (cache hit)
npm http cache ms@https://registry.npmjs.org/ms/-/ms-2.1.3.tgz 0ms (cache hit)
npm http cache delayed-stream@https://registry.npmjs.org/delayed-stream/-/delayed-stream-1.0.0.tgz 0ms (cache hit)
npm http cache color-name@https://registry.npmjs.org/color-name/-/color-name-1.1.4.tgz 0ms (cache hit)
npm http cache string-width@https://registry.npmjs.org/string-width/-/string-width-4.2.3.tgz 0ms (cache hit)
npm http cache colors@https://registry.npmjs.org/colors/-/colors-1.4.0.tgz 0ms (cache hit)
npm http cache restore-cursor@https://registry.npmjs.org/restore-cursor/-/restore-cursor-3.1.0.tgz 0ms (cache hit)
npm http cache color-convert@https://registry.npmjs.org/color-convert/-/color-convert-2.0.1.tgz 0ms (cache hit)
npm http cache ansi-styles@https://registry.npmjs.org/ansi-styles/-/ansi-styles-4.3.0.tgz 0ms (cache hit)
npm http cache ieee754@https://registry.npmjs.org/ieee754/-/ieee754-1.2.1.tgz 0ms (cache hit)
npm http cache base64-js@https://registry.npmjs.org/base64-js/-/base64-js-1.5.1.tgz 0ms (cache hit)
npm http cache lodash.once@https://registry.npmjs.org/lodash.once/-/lodash.once-4.1.1.tgz 0ms (cache hit)
npm http cache uuid@https://registry.npmjs.org/uuid/-/uuid-8.3.2.tgz 0ms (cache hit)
npm http cache tunnel-agent@https://registry.npmjs.org/tunnel-agent/-/tunnel-agent-0.6.0.tgz 0ms (cache hit)
npm http cache tough-cookie@https://registry.npmjs.org/tough-cookie/-/tough-cookie-5.1.2.tgz 0ms (cache hit)
npm http cache qs@https://registry.npmjs.org/qs/-/qs-6.14.0.tgz 0ms (cache hit)
npm http cache performance-now@https://registry.npmjs.org/performance-now/-/performance-now-2.1.0.tgz 0ms (cache hit)
npm http cache mime-types@https://registry.npmjs.org/mime-types/-/mime-types-2.1.35.tgz 0ms (cache hit)
npm http cache json-stringify-safe@https://registry.npmjs.org/json-stringify-safe/-/json-stringify-safe-5.0.1.tgz 0ms (cache hit)
npm http cache isstream@https://registry.npmjs.org/isstream/-/isstream-0.1.2.tgz 0ms (cache hit)
npm http cache is-typedarray@https://registry.npmjs.org/is-typedarray/-/is-typedarray-1.0.0.tgz 0ms (cache hit)
npm http cache http-signature@https://registry.npmjs.org/http-signature/-/http-signature-1.4.0.tgz 0ms (cache hit)
npm http cache form-data@https://registry.npmjs.org/form-data/-/form-data-4.0.4.tgz 0ms (cache hit)
npm http cache forever-agent@https://registry.npmjs.org/forever-agent/-/forever-agent-0.6.1.tgz 0ms (cache hit)
npm http cache extend@https://registry.npmjs.org/extend/-/extend-3.0.2.tgz 0ms (cache hit)
npm http cache combined-stream@https://registry.npmjs.org/combined-stream/-/combined-stream-1.0.8.tgz 0ms (cache hit)
npm http cache caseless@https://registry.npmjs.org/caseless/-/caseless-0.12.0.tgz 0ms (cache hit)
npm http cache aws-sign2@https://registry.npmjs.org/aws-sign2/-/aws-sign2-0.7.0.tgz 0ms (cache hit)
npm http cache yauzl@https://registry.npmjs.org/yauzl/-/yauzl-2.10.0.tgz 0ms (cache hit)
npm http cache untildify@https://registry.npmjs.org/untildify/-/untildify-4.0.0.tgz 0ms (cache hit)
npm http cache tree-kill@https://registry.npmjs.org/tree-kill/-/tree-kill-1.2.2.tgz 0ms (cache hit)
npm http cache tmp@https://registry.npmjs.org/tmp/-/tmp-0.2.5.tgz 1ms (cache hit)
npm http cache aws4@https://registry.npmjs.org/aws4/-/aws4-1.13.2.tgz 0ms (cache hit)
npm http cache systeminformation@https://registry.npmjs.org/systeminformation/-/systeminformation-5.27.7.tgz 0ms (cache hit)
npm http cache semver@https://registry.npmjs.org/semver/-/semver-7.7.3.tgz 0ms (cache hit)
npm http cache safe-buffer@https://registry.npmjs.org/safe-buffer/-/safe-buffer-5.2.1.tgz 0ms (cache hit)
npm http cache request-progress@https://registry.npmjs.org/request-progress/-/request-progress-3.0.0.tgz 0ms (cache hit)
npm http cache proxy-from-env@https://registry.npmjs.org/proxy-from-env/-/proxy-from-env-1.0.0.tgz 0ms (cache hit)
npm http cache supports-color@https://registry.npmjs.org/supports-color/-/supports-color-8.1.1.tgz 0ms (cache hit)
npm http cache process@https://registry.npmjs.org/process/-/process-0.11.10.tgz 0ms (cache hit)
npm http cache pretty-bytes@https://registry.npmjs.org/pretty-bytes/-/pretty-bytes-5.6.0.tgz 0ms (cache hit)
npm http cache ospath@https://registry.npmjs.org/ospath/-/ospath-1.2.2.tgz 0ms (cache hit)
npm http cache minimist@https://registry.npmjs.org/minimist/-/minimist-1.2.8.tgz 0ms (cache hit)
npm http cache lodash@https://registry.npmjs.org/lodash/-/lodash-4.17.21.tgz 0ms (cache hit)
npm http cache listr2@https://registry.npmjs.org/listr2/-/listr2-3.14.0.tgz 0ms (cache hit)
npm http cache is-installed-globally@https://registry.npmjs.org/is-installed-globally/-/is-installed-globally-0.4.0.tgz 0ms (cache hit)
npm http cache hasha@https://registry.npmjs.org/hasha/-/hasha-5.2.2.tgz 0ms (cache hit)
npm http cache fs-extra@https://registry.npmjs.org/fs-extra/-/fs-extra-9.1.0.tgz 0ms (cache hit)
npm http cache figures@https://registry.npmjs.org/figures/-/figures-3.2.0.tgz 0ms (cache hit)
npm http cache extract-zip@https://registry.npmjs.org/extract-zip/-/extract-zip-2.0.1.tgz 0ms (cache hit)
npm http cache executable@https://registry.npmjs.org/executable/-/executable-4.1.1.tgz 0ms (cache hit)
npm http cache execa@https://registry.npmjs.org/execa/-/execa-4.1.0.tgz 0ms (cache hit)
npm http cache eventemitter2@https://registry.npmjs.org/eventemitter2/-/eventemitter2-6.4.7.tgz 0ms (cache hit)
npm http cache enquirer@https://registry.npmjs.org/enquirer/-/enquirer-2.4.1.tgz 0ms (cache hit)
npm http cache log-symbols@https://registry.npmjs.org/log-symbols/-/log-symbols-4.1.0.tgz 0ms (cache hit)
npm http cache debug@https://registry.npmjs.org/debug/-/debug-4.4.3.tgz 0ms (cache hit)
npm http cache dayjs@https://registry.npmjs.org/dayjs/-/dayjs-1.11.19.tgz 0ms (cache hit)
npm http cache common-tags@https://registry.npmjs.org/common-tags/-/common-tags-1.8.2.tgz 0ms (cache hit)
npm http cache commander@https://registry.npmjs.org/commander/-/commander-6.2.1.tgz 0ms (cache hit)
npm http cache cli-table3@https://registry.npmjs.org/cli-table3/-/cli-table3-0.6.1.tgz 0ms (cache hit)
npm http cache cli-cursor@https://registry.npmjs.org/cli-cursor/-/cli-cursor-3.1.0.tgz 0ms (cache hit)
npm http cache ci-info@https://registry.npmjs.org/ci-info/-/ci-info-4.3.1.tgz 0ms (cache hit)
npm http cache chalk@https://registry.npmjs.org/chalk/-/chalk-4.1.2.tgz 0ms (cache hit)
npm http cache cachedir@https://registry.npmjs.org/cachedir/-/cachedir-2.4.0.tgz 0ms (cache hit)
npm http cache buffer@https://registry.npmjs.org/buffer/-/buffer-5.7.1.tgz 0ms (cache hit)
npm http cache bluebird@https://registry.npmjs.org/bluebird/-/bluebird-3.7.2.tgz 0ms (cache hit)
npm http cache blob-util@https://registry.npmjs.org/blob-util/-/blob-util-2.0.2.tgz 0ms (cache hit)
npm http cache arch@https://registry.npmjs.org/arch/-/arch-2.2.0.tgz 0ms (cache hit)
npm http cache @types/tmp@https://registry.npmjs.org/@types/tmp/-/tmp-0.2.6.tgz 0ms (cache hit)
npm http cache @types/sizzle@https://registry.npmjs.org/@types/sizzle/-/sizzle-2.3.10.tgz 0ms (cache hit)
npm http cache @types/sinonjs__fake-timers@https://registry.npmjs.org/@types/sinonjs__fake-timers/-/sinonjs__fake-timers-8.1.1.tgz 0ms (cache hit)
npm http cache @cypress/xvfb@https://registry.npmjs.org/@cypress/xvfb/-/xvfb-1.2.4.tgz 0ms (cache hit)
npm http cache @cypress/request@https://registry.npmjs.org/@cypress/request/-/request-3.0.9.tgz 0ms (cache hit)
npm http cache cypress@https://registry.npmjs.org/cypress/-/cypress-15.6.0.tgz 0ms (cache hit)
npm http cache type-fest@https://registry.npmjs.org/type-fest/-/type-fest-0.21.3.tgz 0ms (cache hit)
npm http cache wrap-ansi@https://registry.npmjs.org/wrap-ansi/-/wrap-ansi-6.2.0.tgz 0ms (cache hit)
npm http cache slice-ansi@https://registry.npmjs.org/slice-ansi/-/slice-ansi-4.0.0.tgz 0ms (cache hit)
npm http cache supports-color@https://registry.npmjs.org/supports-color/-/supports-color-7.2.0.tgz 0ms (cache hit)
npm http cache debug@https://registry.npmjs.org/debug/-/debug-3.2.7.tgz 0ms (cache hit)
npm http fetch POST 200 https://registry.npmjs.org/-/npm/v1/security/advisories/bulk 709ms
npm info run cypress@15.6.0 postinstall node_modules/cypress node dist/index.js --exec install
npm info run cypress@15.6.0 postinstall { code: 0, signal: null }

added 175 packages, and audited 176 packages in 6s

42 packages are looking for funding
  run `npm fund` for details

found 0 vulnerabilities
npm verbose cwd /home/trinity-bowling/grabdocs-e2e/tmpBstackPackages
npm verbose os Linux 6.14.0-33-generic
npm verbose node v24.11.0
npm verbose npm  v11.6.1
npm verbose exit 0
npm info ok
